<?xml version="1.0" encoding="UTF-8"?>
<!-- Generated by org.testng.reporters.JUnitReportReporter -->
<testsuite hostname="LAPTOP-DOBLN3AU" failures="0" tests="6" name="com.phase2.TestNGDemo.TestNgDemoGroups" time="0.063" errors="0" timestamp="2023-10-04T12:24:48 IST" skipped="0">
  <testcase classname="com.phase2.TestNGDemo.TestNgDemoGroups" name="logout" time="0.002"/>
  <system-out/>
  <testcase classname="com.phase2.TestNGDemo.TestNgDemoGroups" name="LoginwithValidCredentials" time="0.021"/>
  <system-out/>
  <testcase classname="com.phase2.TestNGDemo.TestNgDemoGroups" name="LoginwithInValidCredentials" time="0.025"/>
  <system-out/>
  <testcase classname="com.phase2.TestNGDemo.TestNgDemoGroups" name="RegisterAccount" time="0.005"/>
  <system-out/>
  <testcase classname="com.phase2.TestNGDemo.TestNgDemoGroups" name="SelectItem" time="0.004"/>
  <system-out/>
  <testcase classname="com.phase2.TestNGDemo.TestNgDemoGroups" name="SelectInvalidItem" time="0.006"/>
  <system-out/>
</testsuite> <!-- com.phase2.TestNGDemo.TestNgDemoGroups -->
