<?xml version="1.0" encoding="UTF-8"?>
<!-- Generated by org.testng.reporters.JUnitReportReporter -->
<testsuite hostname="LAPTOP-DOBLN3AU" failures="0" tests="1" name="com.phase2.ExtentReport.SampleTestCaseReportDemo2" time="2.517" errors="0" timestamp="2023-10-02T12:24:33 IST" skipped="0">
  <testcase classname="com.phase2.ExtentReport.SampleTestCaseReportDemo2" name="extentDemo2" time="2.517"/>
  <system-out/>
</testsuite> <!-- com.phase2.ExtentReport.SampleTestCaseReportDemo2 -->
