<?xml version="1.0" encoding="UTF-8"?>
<!-- Generated by org.testng.reporters.JUnitReportReporter -->
<testsuite hostname="LAPTOP-DOBLN3AU" failures="0" tests="1" name="com.phase2.TestNGDemo.TestNGDemo3" time="3.893" errors="0" timestamp="2023-10-04T11:55:56 IST" skipped="0">
  <testcase classname="com.phase2.TestNGDemo.TestNGDemo3" name="Register" time="3.893"/>
  <system-out/>
</testsuite> <!-- com.phase2.TestNGDemo.TestNGDemo3 -->
