<?xml version="1.0" encoding="UTF-8"?>
<!-- Generated by org.testng.reporters.JUnitReportReporter -->
<testsuite hostname="LAPTOP-DOBLN3AU" failures="0" tests="3" name="com.phase2.TestNGDemo.TestNGDemo1" time="22.450" errors="0" timestamp="2023-10-04T11:30:08 IST" skipped="0">
  <testcase classname="com.phase2.TestNGDemo.TestNGDemo1" name="myAccount" time="6.403"/>
  <system-out/>
  <testcase classname="com.phase2.TestNGDemo.TestNGDemo1" name="Register" time="8.656"/>
  <system-out/>
  <testcase classname="com.phase2.TestNGDemo.TestNGDemo1" name="Logout" time="7.391"/>
  <system-out/>
</testsuite> <!-- com.phase2.TestNGDemo.TestNGDemo1 -->
