<?xml version="1.0" encoding="UTF-8"?>
<!-- Generated by org.testng.reporters.JUnitReportReporter -->
<testsuite hostname="LAPTOP-DOBLN3AU" failures="0" tests="3" name="com.phase2.TestNGDemo.TestNGDemoEnabledIgnore" time="3.857" errors="0" timestamp="2023-10-04T14:35:38 IST" skipped="2">
  <testcase classname="com.phase2.TestNGDemo.TestNGDemoEnabledIgnore" name="Register" time="3.857"/>
  <system-out/>
  <testcase classname="com.phase2.TestNGDemo.TestNGDemoEnabledIgnore" name="Logout">
    <skipped/>
  </testcase> <!-- Logout -->
  <system-out/>
  <testcase classname="com.phase2.TestNGDemo.TestNGDemoEnabledIgnore" name="myAccount">
    <skipped/>
  </testcase> <!-- myAccount -->
  <system-out/>
</testsuite> <!-- com.phase2.TestNGDemo.TestNGDemoEnabledIgnore -->
