<?xml version="1.0" encoding="UTF-8"?>
<!-- Generated by org.testng.reporters.JUnitReportReporter -->
<testsuite hostname="LAPTOP-DOBLN3AU" failures="0" tests="3" name="com.phase2.Junit.Demo3" time="0.019" errors="0" timestamp="2023-10-03T14:00:42 IST" skipped="0">
  <testcase classname="com.phase2.Junit.Demo3" name="Test2" time="0.004"/>
  <system-out/>
  <testcase classname="com.phase2.Junit.Demo3" name="Test3" time="0.002"/>
  <system-out/>
  <testcase classname="com.phase2.Junit.Demo3" name="Test1" time="0.013"/>
  <system-out/>
</testsuite> <!-- com.phase2.Junit.Demo3 -->
