<?xml version="1.0" encoding="UTF-8"?>
<!-- Generated by org.testng.reporters.JUnitReportReporter -->
<testsuite hostname="LAPTOP-DOBLN3AU" failures="0" tests="1" name="com.phase2.gridDemo.GridDemoHubandNode" time="10.328" errors="0" timestamp="2023-10-08T15:38:26 IST" skipped="0">
  <testcase classname="com.phase2.gridDemo.GridDemoHubandNode" name="griddemoChrome" time="10.328"/>
  <system-out/>
</testsuite> <!-- com.phase2.gridDemo.GridDemoHubandNode -->
