<?xml version="1.0" encoding="UTF-8"?>
<!-- Generated by org.testng.reporters.JUnitReportReporter -->
<testsuite hostname="LAPTOP-DOBLN3AU" failures="0" tests="2" name="com.phase2.TestNGDemo.TestNGDemoParameter" time="3.505" errors="0" timestamp="2023-10-04T14:06:57 IST" skipped="0">
  <testcase classname="com.phase2.TestNGDemo.TestNGDemoParameter" name="myAccount" time="1.405"/>
  <system-out/>
  <testcase classname="com.phase2.TestNGDemo.TestNGDemoParameter" name="Logout" time="2.100"/>
  <system-out/>
</testsuite> <!-- com.phase2.TestNGDemo.TestNGDemoParameter -->
