<?xml version="1.0" encoding="UTF-8"?>
<!-- Generated by org.testng.reporters.JUnitReportReporter -->
<testsuite hostname="LAPTOP-DOBLN3AU" failures="0" tests="1" name="com.phase2.gridDemo.GridDemoStandAlone" time="13.236" errors="0" timestamp="2023-10-08T14:57:09 IST" skipped="0">
  <testcase classname="com.phase2.gridDemo.GridDemoStandAlone" name="griddemo" time="13.236"/>
  <system-out/>
</testsuite> <!-- com.phase2.gridDemo.GridDemoStandAlone -->
