<?xml version="1.0" encoding="UTF-8"?>
<!-- Generated by org.testng.reporters.JUnitReportReporter -->
<testsuite hostname="LAPTOP-DOBLN3AU" failures="0" tests="1" name="com.phase2.gridDemo.GridDemoStandAloneChrome" time="6.296" errors="0" timestamp="2023-10-08T14:56:38 IST" skipped="0">
  <testcase classname="com.phase2.gridDemo.GridDemoStandAloneChrome" name="griddemoChrome" time="6.296"/>
  <system-out/>
</testsuite> <!-- com.phase2.gridDemo.GridDemoStandAloneChrome -->
