<?xml version="1.0" encoding="UTF-8"?>
<!-- Generated by org.testng.reporters.JUnitReportReporter -->
<testsuite hostname="LAPTOP-DOBLN3AU" failures="0" tests="2" name="com.phase2.TestNGDemo.TestNGDemo2" time="18.534" errors="0" timestamp="2023-10-04T11:55:56 IST" skipped="0">
  <testcase classname="com.phase2.TestNGDemo.TestNGDemo2" name="myAccount" time="8.127"/>
  <system-out/>
  <testcase classname="com.phase2.TestNGDemo.TestNGDemo2" name="Logout" time="10.407"/>
  <system-out/>
</testsuite> <!-- com.phase2.TestNGDemo.TestNGDemo2 -->
